albert@albert-thinkpad-p15-gen-1:~/imperial_interview/task_1$ ./a.out -fork=24 corpus
INFO: Running with entropic power schedule (0xFF, 100).
INFO: Seed: 2483079600
INFO: Loaded 1 modules   (126 inline 8-bit counters): 126 [0x5a1b666ccfd0, 0x5a1b666cd04e), 
INFO: Loaded 1 PC tables (126 PCs): 126 [0x5a1b666cd050,0x5a1b666cd830), 
INFO: -fork=24: fuzzing in separate process(s)
INFO: -fork=24: 29 seed inputs, starting to fuzz in /tmp/libFuzzerTemp.FuzzWithFork102790.dir
#6: cov: 100 ft: 100 corp: 29 exec/s 1 oom/timeout/crash: 0/0/0 time: 14s job: 2 dft_time: 0
#12: cov: 100 ft: 100 corp: 29 exec/s 1 oom/timeout/crash: 0/0/0 time: 15s job: 1 dft_time: 0
#76: cov: 100 ft: 100 corp: 29 exec/s 7 oom/timeout/crash: 0/0/0 time: 18s job: 7 dft_time: 0
#162: cov: 100 ft: 100 corp: 29 exec/s 5 oom/timeout/crash: 0/0/0 time: 25s job: 8 dft_time: 0
#168: cov: 100 ft: 100 corp: 29 exec/s 0 oom/timeout/crash: 0/0/0 time: 26s job: 3 dft_time: 0
#174: cov: 100 ft: 100 corp: 29 exec/s 0 oom/timeout/crash: 0/0/0 time: 27s job: 6 dft_time: 0
#180: cov: 100 ft: 100 corp: 29 exec/s 0 oom/timeout/crash: 0/0/0 time: 28s job: 9 dft_time: 0
#298: cov: 100 ft: 100 corp: 29 exec/s 6 oom/timeout/crash: 0/0/0 time: 28s job: 4 dft_time: 0
#463: cov: 100 ft: 100 corp: 29 exec/s 8 oom/timeout/crash: 0/0/0 time: 30s job: 11 dft_time: 0
#544: cov: 100 ft: 100 corp: 29 exec/s 3 oom/timeout/crash: 0/0/0 time: 30s job: 12 dft_time: 0
^N#559: cov: 100 ft: 100 corp: 29 exec/s 0 oom/timeout/crash: 0/0/0 time: 33s job: 13 dft_time: 0
#565: cov: 100 ft: 100 corp: 29 exec/s 0 oom/timeout/crash: 0/0/0 time: 35s job: 24 dft_time: 0
#600: cov: 100 ft: 100 corp: 29 exec/s 1 oom/timeout/crash: 0/0/0 time: 35s job: 14 dft_time: 0
#606: cov: 100 ft: 100 corp: 29 exec/s 0 oom/timeout/crash: 0/0/0 time: 36s job: 5 dft_time: 0
#614: cov: 100 ft: 100 corp: 29 exec/s 0 oom/timeout/crash: 0/0/0 time: 37s job: 20 dft_time: 0
#662: cov: 100 ft: 100 corp: 29 exec/s 1 oom/timeout/crash: 0/0/0 time: 40s job: 21 dft_time: 0
#722: cov: 100 ft: 100 corp: 29 exec/s 1 oom/timeout/crash: 0/0/0 time: 41s job: 17 dft_time: 0
#1020: cov: 100 ft: 100 corp: 29 exec/s 9 oom/timeout/crash: 0/0/0 time: 42s job: 19 dft_time: 0
  NEW_FUNC: 0x5a1b666a8080 in kTest_fromFile /home/albert/imperial_interview/task_1/KTest.c:94
  NEW_FUNC: 0x5a1b666a8860 in read_uint32 /home/albert/imperial_interview/task_1/KTest.c:25
#1094: cov: 114 ft: 102 corp: 31 exec/s 2 oom/timeout/crash: 0/0/0 time: 45s job: 15 dft_time: 0
#1140: cov: 114 ft: 102 corp: 31 exec/s 1 oom/timeout/crash: 0/0/0 time: 49s job: 26 dft_time: 0
#1175: cov: 114 ft: 102 corp: 31 exec/s 1 oom/timeout/crash: 0/0/0 time: 52s job: 27 dft_time: 0
#1331: cov: 114 ft: 102 corp: 31 exec/s 3 oom/timeout/crash: 0/0/0 time: 53s job: 16 dft_time: 0
#1512: cov: 114 ft: 102 corp: 31 exec/s 4 oom/timeout/crash: 0/0/0 time: 54s job: 18 dft_time: 0
#1551: cov: 114 ft: 102 corp: 31 exec/s 0 oom/timeout/crash: 0/0/0 time: 56s job: 25 dft_time: 0
#1631: cov: 114 ft: 102 corp: 31 exec/s 2 oom/timeout/crash: 0/0/0 time: 58s job: 29 dft_time: 0
#1733: cov: 114 ft: 102 corp: 31 exec/s 1 oom/timeout/crash: 0/0/0 time: 61s job: 23 dft_time: 0
#1939: cov: 114 ft: 102 corp: 31 exec/s 5 oom/timeout/crash: 0/0/0 time: 63s job: 31 dft_time: 0
#1953: cov: 114 ft: 102 corp: 31 exec/s 0 oom/timeout/crash: 0/0/0 time: 65s job: 33 dft_time: 0
#2115: cov: 114 ft: 102 corp: 31 exec/s 4 oom/timeout/crash: 0/0/0 time: 66s job: 30 dft_time: 0
#2258: cov: 114 ft: 102 corp: 31 exec/s 2 oom/timeout/crash: 0/0/0 time: 67s job: 10 dft_time: 0
#2441: cov: 114 ft: 102 corp: 31 exec/s 4 oom/timeout/crash: 0/0/0 time: 68s job: 32 dft_time: 0
#2441: cov: 114 ft: 102 corp: 31 exec/s 0 oom/timeout/crash: 0/0/0 time: 71s job: 51 dft_time: 0
INFO: log from the inner process:
INFO: Running with entropic power schedule (0xFF, 100).
INFO: Seed: 1469105804
INFO: Loaded 1 modules   (126 inline 8-bit counters): 126 [0x61da90316fd0, 0x61da9031704e), 
INFO: Loaded 1 PC tables (126 PCs): 126 [0x61da90317050,0x61da90317830), 
INFO:        0 files found in /tmp/libFuzzerTemp.FuzzWithFork102790.dir/C51
INFO: -max_len is not provided; libFuzzer will not generate inputs larger than 4096 bytes
INFO: seed corpus: files: 5 min: 10b max: 46b total: 138b rss: 27Mb
#6      INITED cov: 43 ft: 47 corp: 5/138b exec/s: 0 rss: 27Mb
#7      NEW    cov: 44 ft: 48 corp: 6/149b lim: 46 exec/s: 0 rss: 27Mb L: 11/46 MS: 1 InsertByte-
#9      NEW    cov: 47 ft: 51 corp: 7/160b lim: 46 exec/s: 0 rss: 27Mb L: 11/46 MS: 2 ChangeByte-ChangeByte-
#25     NEW    cov: 48 ft: 52 corp: 8/163b lim: 46 exec/s: 0 rss: 27Mb L: 3/46 MS: 1 CrossOver-
#26     NEW    cov: 50 ft: 55 corp: 9/209b lim: 46 exec/s: 0 rss: 27Mb L: 46/46 MS: 1 CopyPart-
#35     NEW    cov: 50 ft: 57 corp: 10/253b lim: 46 exec/s: 0 rss: 27Mb L: 44/46 MS: 4 ChangeBit-CopyPart-ShuffleBytes-CopyPart-
#47     REDUCE cov: 50 ft: 57 corp: 10/252b lim: 46 exec/s: 0 rss: 47Mb L: 2/46 MS: 2 ChangeBinInt-EraseBytes-
#56     REDUCE cov: 50 ft: 57 corp: 10/249b lim: 46 exec/s: 0 rss: 47Mb L: 43/46 MS: 4 ChangeBinInt-CopyPart-CopyPart-CrossOver-
#57     REDUCE cov: 50 ft: 57 corp: 10/240b lim: 46 exec/s: 0 rss: 47Mb L: 37/44 MS: 1 EraseBytes-
#79     REDUCE cov: 50 ft: 59 corp: 11/279b lim: 46 exec/s: 0 rss: 47Mb L: 39/44 MS: 2 CrossOver-InsertByte-
#80     REDUCE cov: 50 ft: 59 corp: 11/262b lim: 46 exec/s: 0 rss: 47Mb L: 24/44 MS: 1 EraseBytes-
#136    REDUCE cov: 50 ft: 59 corp: 11/259b lim: 46 exec/s: 0 rss: 47Mb L: 8/44 MS: 1 EraseBytes-
#162    NEW    cov: 50 ft: 62 corp: 12/301b lim: 46 exec/s: 27 rss: 47Mb L: 42/44 MS: 1 CopyPart-
#219    REDUCE cov: 50 ft: 64 corp: 13/344b lim: 46 exec/s: 36 rss: 47Mb L: 43/44 MS: 2 CrossOver-InsertByte-
#250    REDUCE cov: 52 ft: 66 corp: 14/357b lim: 46 exec/s: 35 rss: 47Mb L: 13/44 MS: 1 EraseBytes-
#256    pulse  cov: 52 ft: 66 corp: 14/357b lim: 46 exec/s: 36 rss: 47Mb
#264    REDUCE cov: 52 ft: 66 corp: 14/351b lim: 46 exec/s: 37 rss: 47Mb L: 36/44 MS: 4 CopyPart-InsertByte-InsertByte-CrossOver-
#315    REDUCE cov: 52 ft: 66 corp: 14/350b lim: 46 exec/s: 45 rss: 47Mb L: 1/44 MS: 1 EraseBytes-
free(): invalid next size (fast)
==105364== ERROR: libFuzzer: deadly signal
    #0 0x61da902f1b54 in __sanitizer_print_stack_trace (/home/albert/imperial_interview/task_1/a.out+0x68b54) (BuildId: 5bffa0ab5cd7228d16b909497f6e042dbe739071)
    #1 0x61da902c8568 in fuzzer::PrintStackTrace() (/home/albert/imperial_interview/task_1/a.out+0x3f568) (BuildId: 5bffa0ab5cd7228d16b909497f6e042dbe739071)
    #2 0x61da902adfe3 in fuzzer::Fuzzer::CrashCallback() (/home/albert/imperial_interview/task_1/a.out+0x24fe3) (BuildId: 5bffa0ab5cd7228d16b909497f6e042dbe739071)
    #3 0x773734e4251f  (/lib/x86_64-linux-gnu/libc.so.6+0x4251f) (BuildId: cd410b710f0f094c6832edd95931006d883af48e)
    #4 0x773734e969fb in __pthread_kill_implementation nptl/./nptl/pthread_kill.c:43:17
    #5 0x773734e969fb in __pthread_kill_internal nptl/./nptl/pthread_kill.c:78:10
    #6 0x773734e969fb in pthread_kill nptl/./nptl/pthread_kill.c:89:10
    #7 0x773734e42475 in gsignal signal/../sysdeps/posix/raise.c:26:13
    #8 0x773734e287f2 in abort stdlib/./stdlib/abort.c:79:7
    #9 0x773734e89676 in __libc_message libio/../sysdeps/posix/libc_fatal.c:156:5
    #10 0x773734ea0cfb in malloc_printerr malloc/./malloc/malloc.c:5664:3
    #11 0x773734ea2a9c in _int_free malloc/./malloc/malloc.c:4522:4
    #12 0x773734ea5452 in __libc_free malloc/./malloc/malloc.c:3391:7
    #13 0x61da902f27b9 in kTest_fromFile /home/albert/imperial_interview/task_1/KTest.c:164:11
    #14 0x61da902f1ed2 in LLVMFuzzerTestOneInput /home/albert/imperial_interview/task_1/target.c:33:17
    #15 0x61da902af573 in fuzzer::Fuzzer::ExecuteCallback(unsigned char const*, unsigned long) (/home/albert/imperial_interview/task_1/a.out+0x26573) (BuildId: 5bffa0ab5cd7228d16b909497f6e042dbe739071)
    #16 0x61da902aecc9 in fuzzer::Fuzzer::RunOne(unsigned char const*, unsigned long, bool, fuzzer::InputInfo*, bool, bool*) (/home/albert/imperial_interview/task_1/a.out+0x25cc9) (BuildId: 5bffa0ab5cd7228d16b909497f6e042dbe739071)
    #17 0x61da902b04b9 in fuzzer::Fuzzer::MutateAndTestOne() (/home/albert/imperial_interview/task_1/a.out+0x274b9) (BuildId: 5bffa0ab5cd7228d16b909497f6e042dbe739071)
    #18 0x61da902b1035 in fuzzer::Fuzzer::Loop(std::vector<fuzzer::SizedFile, std::allocator<fuzzer::SizedFile> >&) (/home/albert/imperial_interview/task_1/a.out+0x28035) (BuildId: 5bffa0ab5cd7228d16b909497f6e042dbe739071)
    #19 0x61da9029f172 in fuzzer::FuzzerDriver(int*, char***, int (*)(unsigned char const*, unsigned long)) (/home/albert/imperial_interview/task_1/a.out+0x16172) (BuildId: 5bffa0ab5cd7228d16b909497f6e042dbe739071)
    #20 0x61da902c8e62 in main (/home/albert/imperial_interview/task_1/a.out+0x3fe62) (BuildId: 5bffa0ab5cd7228d16b909497f6e042dbe739071)
    #21 0x773734e29d8f in __libc_start_call_main csu/../sysdeps/nptl/libc_start_call_main.h:58:16
    #22 0x773734e29e3f in __libc_start_main csu/../csu/libc-start.c:392:3
    #23 0x61da90293bb4 in _start (/home/albert/imperial_interview/task_1/a.out+0xabb4) (BuildId: 5bffa0ab5cd7228d16b909497f6e042dbe739071)

NOTE: libFuzzer has rudimentary signal handlers.
      Combine libFuzzer with AddressSanitizer or similar for better crash reports.
SUMMARY: libFuzzer: deadly signal
MS: 1 ChangeBit-; base unit: 35f2c79c8d1c1441a8f8dc4eaf347452d0d61fd5
0x4b,0x54,0x45,0x53,0x54,0x0,0x0,0x0,0x0,0x0,0x0,0x0,0x0,0x0,0x4,0x0,0x0,0x0,0x0,0x0,0x0,0x0,0x0,0x0,0x2,0x0,0x0,0x1,0x0,0x0,0x0,0x0,0x0,0x0,0x4,0x0,0x0,0x0,0x0,0x0,0x0,0x8,0x0,0x0,
KTEST\000\000\000\000\000\000\000\000\000\004\000\000\000\000\000\000\000\000\000\002\000\000\001\000\000\000\000\000\000\004\000\000\000\000\000\000\010\000\000
artifact_prefix='./'; Test unit written to ./crash-cbeeeb281f7a9a4db58047aa59742d0f3292ad0c
Base64: S1RFU1QAAAAAAAAAAAAEAAAAAAAAAAAAAgAAAQAAAAAAAAQAAAAAAAAIAAA=
free(): invalid size
Aborted (core dumped)