albert@albert-thinkpad-p15-gen-1:~/imperial_interview/task_1$ ./a.out -fork=24 corpus
INFO: Running with entropic power schedule (0xFF, 100).
INFO: Seed: 3315092455
INFO: Loaded 1 modules   (126 inline 8-bit counters): 126 [0x6533779a5fd0, 0x6533779a604e), 
INFO: Loaded 1 PC tables (126 PCs): 126 [0x6533779a6050,0x6533779a6830), 
INFO: -fork=24: fuzzing in separate process(s)
INFO: -fork=24: 31 seed inputs, starting to fuzz in /tmp/libFuzzerTemp.FuzzWithFork117179.dir
#42: cov: 102 ft: 102 corp: 31 exec/s 8 oom/timeout/crash: 0/0/0 time: 14s job: 4 dft_time: 0
#138: cov: 102 ft: 102 corp: 31 exec/s 16 oom/timeout/crash: 0/0/0 time: 15s job: 2 dft_time: 0
#159: cov: 102 ft: 102 corp: 31 exec/s 2 oom/timeout/crash: 0/0/0 time: 18s job: 7 dft_time: 0
#201: cov: 102 ft: 102 corp: 31 exec/s 3 oom/timeout/crash: 0/0/0 time: 20s job: 6 dft_time: 0
  NEW_FUNC: 0x653377981080 in kTest_fromFile /home/albert/imperial_interview/task_1/KTest.c:94
  NEW_FUNC: 0x653377981860 in read_uint32 /home/albert/imperial_interview/task_1/KTest.c:25
#230: cov: 122 ft: 104 corp: 32 exec/s 2 oom/timeout/crash: 0/0/0 time: 21s job: 11 dft_time: 0
#236: cov: 122 ft: 104 corp: 32 exec/s 0 oom/timeout/crash: 0/0/0 time: 24s job: 8 dft_time: 0
#242: cov: 122 ft: 104 corp: 32 exec/s 0 oom/timeout/crash: 0/0/0 time: 26s job: 5 dft_time: 0
#248: cov: 122 ft: 104 corp: 32 exec/s 0 oom/timeout/crash: 0/0/0 time: 27s job: 13 dft_time: 0
#254: cov: 122 ft: 104 corp: 32 exec/s 0 oom/timeout/crash: 0/0/0 time: 28s job: 3 dft_time: 0
#380: cov: 122 ft: 104 corp: 32 exec/s 6 oom/timeout/crash: 0/0/0 time: 29s job: 18 dft_time: 0
#444: cov: 122 ft: 104 corp: 32 exec/s 2 oom/timeout/crash: 0/0/0 time: 32s job: 20 dft_time: 0
#574: cov: 122 ft: 104 corp: 32 exec/s 5 oom/timeout/crash: 0/0/0 time: 33s job: 22 dft_time: 0
#638: cov: 122 ft: 104 corp: 32 exec/s 2 oom/timeout/crash: 0/0/0 time: 34s job: 15 dft_time: 0
#673: cov: 122 ft: 104 corp: 32 exec/s 1 oom/timeout/crash: 0/0/0 time: 36s job: 10 dft_time: 0
#756: cov: 122 ft: 104 corp: 32 exec/s 2 oom/timeout/crash: 0/0/0 time: 38s job: 21 dft_time: 0
#765: cov: 122 ft: 104 corp: 32 exec/s 0 oom/timeout/crash: 0/0/0 time: 39s job: 17 dft_time: 0
#802: cov: 122 ft: 104 corp: 32 exec/s 1 oom/timeout/crash: 0/0/0 time: 40s job: 19 dft_time: 0
#949: cov: 122 ft: 104 corp: 32 exec/s 4 oom/timeout/crash: 0/0/0 time: 42s job: 1 dft_time: 0
#1175: cov: 122 ft: 104 corp: 32 exec/s 6 oom/timeout/crash: 0/0/0 time: 46s job: 23 dft_time: 0
#1460: cov: 122 ft: 104 corp: 32 exec/s 8 oom/timeout/crash: 0/0/0 time: 47s job: 25 dft_time: 0
#1466: cov: 124 ft: 105 corp: 33 exec/s 0 oom/timeout/crash: 0/0/0 time: 47s job: 26 dft_time: 0
#1566: cov: 124 ft: 105 corp: 33 exec/s 3 oom/timeout/crash: 0/0/0 time: 53s job: 29 dft_time: 0
#1773: cov: 124 ft: 105 corp: 33 exec/s 4 oom/timeout/crash: 0/0/0 time: 55s job: 16 dft_time: 0
#1781: cov: 124 ft: 105 corp: 33 exec/s 0 oom/timeout/crash: 0/0/0 time: 56s job: 27 dft_time: 0
#1899: cov: 124 ft: 105 corp: 33 exec/s 2 oom/timeout/crash: 0/0/0 time: 57s job: 12 dft_time: 0
#2238: cov: 124 ft: 105 corp: 33 exec/s 9 oom/timeout/crash: 0/0/0 time: 62s job: 31 dft_time: 0
#2465: cov: 124 ft: 105 corp: 33 exec/s 5 oom/timeout/crash: 0/0/0 time: 67s job: 30 dft_time: 0
#2484: cov: 124 ft: 105 corp: 33 exec/s 0 oom/timeout/crash: 0/0/0 time: 72s job: 24 dft_time: 0
#2557: cov: 124 ft: 105 corp: 33 exec/s 1 oom/timeout/crash: 0/0/0 time: 74s job: 9 dft_time: 0
#2828: cov: 124 ft: 105 corp: 33 exec/s 6 oom/timeout/crash: 0/0/0 time: 76s job: 38 dft_time: 0
#2898: cov: 124 ft: 105 corp: 33 exec/s 1 oom/timeout/crash: 0/0/0 time: 81s job: 36 dft_time: 0
#3326: cov: 124 ft: 105 corp: 33 exec/s 8 oom/timeout/crash: 0/0/0 time: 84s job: 37 dft_time: 0
#3595: cov: 124 ft: 105 corp: 33 exec/s 4 oom/timeout/crash: 0/0/0 time: 89s job: 32 dft_time: 0
#3665: cov: 124 ft: 105 corp: 33 exec/s 0 oom/timeout/crash: 0/0/0 time: 89s job: 14 dft_time: 0
#3756: cov: 124 ft: 105 corp: 33 exec/s 1 oom/timeout/crash: 0/0/0 time: 89s job: 35 dft_time: 0
#3794: cov: 124 ft: 105 corp: 33 exec/s 0 oom/timeout/crash: 0/0/0 time: 91s job: 40 dft_time: 0
#4087: cov: 124 ft: 105 corp: 33 exec/s 4 oom/timeout/crash: 0/0/0 time: 93s job: 28 dft_time: 0
#4403: cov: 124 ft: 105 corp: 33 exec/s 4 oom/timeout/crash: 0/0/0 time: 98s job: 33 dft_time: 0
#4491: cov: 124 ft: 105 corp: 33 exec/s 1 oom/timeout/crash: 0/0/0 time: 99s job: 45 dft_time: 0
#4538: cov: 124 ft: 105 corp: 33 exec/s 0 oom/timeout/crash: 0/0/0 time: 100s job: 39 dft_time: 0
#4597: cov: 124 ft: 105 corp: 33 exec/s 1 oom/timeout/crash: 0/0/0 time: 100s job: 41 dft_time: 0
#4609: cov: 124 ft: 105 corp: 33 exec/s 0 oom/timeout/crash: 0/0/0 time: 102s job: 42 dft_time: 0
#4648: cov: 124 ft: 105 corp: 33 exec/s 0 oom/timeout/crash: 0/0/0 time: 105s job: 43 dft_time: 0
#4686: cov: 124 ft: 105 corp: 33 exec/s 0 oom/timeout/crash: 0/0/0 time: 108s job: 34 dft_time: 0
#4841: cov: 124 ft: 105 corp: 33 exec/s 2 oom/timeout/crash: 0/0/0 time: 112s job: 49 dft_time: 0
#5011: cov: 124 ft: 105 corp: 33 exec/s 2 oom/timeout/crash: 0/0/0 time: 114s job: 46 dft_time: 0
#5024: cov: 124 ft: 105 corp: 33 exec/s 0 oom/timeout/crash: 0/0/0 time: 115s job: 50 dft_time: 0
#5278: cov: 124 ft: 105 corp: 33 exec/s 4 oom/timeout/crash: 0/0/0 time: 120s job: 51 dft_time: 0
#5350: cov: 124 ft: 105 corp: 33 exec/s 1 oom/timeout/crash: 0/0/0 time: 126s job: 52 dft_time: 0
#5421: cov: 124 ft: 105 corp: 33 exec/s 0 oom/timeout/crash: 0/0/0 time: 127s job: 44 dft_time: 0
#5615: cov: 124 ft: 105 corp: 33 exec/s 2 oom/timeout/crash: 0/0/0 time: 129s job: 47 dft_time: 0
#5747: cov: 124 ft: 105 corp: 33 exec/s 2 oom/timeout/crash: 0/0/0 time: 134s job: 54 dft_time: 0
#6012: cov: 124 ft: 105 corp: 33 exec/s 4 oom/timeout/crash: 0/0/0 time: 147s job: 56 dft_time: 0
#6216: cov: 124 ft: 105 corp: 33 exec/s 3 oom/timeout/crash: 0/0/0 time: 151s job: 58 dft_time: 0
#6520: cov: 124 ft: 105 corp: 33 exec/s 4 oom/timeout/crash: 0/0/0 time: 152s job: 55 dft_time: 0
#6682: cov: 124 ft: 105 corp: 33 exec/s 2 oom/timeout/crash: 0/0/0 time: 165s job: 57 dft_time: 0
#6739: cov: 124 ft: 105 corp: 33 exec/s 0 oom/timeout/crash: 0/0/0 time: 167s job: 65 dft_time: 0
#6880: cov: 124 ft: 105 corp: 33 exec/s 1 oom/timeout/crash: 0/0/0 time: 167s job: 48 dft_time: 0
#6979: cov: 124 ft: 105 corp: 33 exec/s 1 oom/timeout/crash: 0/0/0 time: 173s job: 53 dft_time: 0
#6990: cov: 124 ft: 105 corp: 33 exec/s 0 oom/timeout/crash: 0/0/0 time: 173s job: 61 dft_time: 0
#7057: cov: 124 ft: 105 corp: 33 exec/s 0 oom/timeout/crash: 0/0/0 time: 180s job: 59 dft_time: 0
#7463: cov: 124 ft: 105 corp: 33 exec/s 4 oom/timeout/crash: 0/0/0 time: 181s job: 62 dft_time: 0
#7816: cov: 124 ft: 105 corp: 33 exec/s 4 oom/timeout/crash: 0/0/0 time: 183s job: 66 dft_time: 0
#7909: cov: 124 ft: 105 corp: 33 exec/s 0 oom/timeout/crash: 0/0/0 time: 192s job: 60 dft_time: 0
#8189: cov: 124 ft: 105 corp: 33 exec/s 3 oom/timeout/crash: 0/0/0 time: 199s job: 70 dft_time: 0
#8661: cov: 124 ft: 105 corp: 33 exec/s 5 oom/timeout/crash: 0/0/0 time: 202s job: 68 dft_time: 0
#8841: cov: 124 ft: 105 corp: 33 exec/s 2 oom/timeout/crash: 0/0/0 time: 205s job: 73 dft_time: 0
#9061: cov: 124 ft: 105 corp: 33 exec/s 2 oom/timeout/crash: 0/0/0 time: 209s job: 64 dft_time: 0
#9562: cov: 124 ft: 105 corp: 33 exec/s 6 oom/timeout/crash: 0/0/0 time: 211s job: 76 dft_time: 0
#10260: cov: 124 ft: 105 corp: 33 exec/s 7 oom/timeout/crash: 0/0/0 time: 212s job: 71 dft_time: 0
#10311: cov: 124 ft: 105 corp: 33 exec/s 0 oom/timeout/crash: 0/0/0 time: 212s job: 72 dft_time: 0
#10482: cov: 124 ft: 105 corp: 33 exec/s 1 oom/timeout/crash: 0/0/0 time: 221s job: 74 dft_time: 0
#10616: cov: 127 ft: 107 corp: 34 exec/s 1 oom/timeout/crash: 0/0/0 time: 228s job: 77 dft_time: 0
#10722: cov: 127 ft: 107 corp: 34 exec/s 1 oom/timeout/crash: 0/0/0 time: 240s job: 78 dft_time: 0
#11168: cov: 127 ft: 107 corp: 34 exec/s 5 oom/timeout/crash: 0/0/0 time: 250s job: 81 dft_time: 0
#11280: cov: 127 ft: 107 corp: 34 exec/s 0 oom/timeout/crash: 0/0/0 time: 250s job: 67 dft_time: 0
#11525: cov: 127 ft: 107 corp: 34 exec/s 1 oom/timeout/crash: 0/0/0 time: 258s job: 75 dft_time: 0
#12025: cov: 127 ft: 107 corp: 34 exec/s 5 oom/timeout/crash: 0/0/0 time: 259s job: 84 dft_time: 0
#12395: cov: 127 ft: 107 corp: 34 exec/s 4 oom/timeout/crash: 0/0/0 time: 263s job: 83 dft_time: 0
#12827: cov: 127 ft: 107 corp: 34 exec/s 4 oom/timeout/crash: 0/0/0 time: 270s job: 82 dft_time: 0
#12923: cov: 127 ft: 107 corp: 34 exec/s 0 oom/timeout/crash: 0/0/0 time: 271s job: 69 dft_time: 0
#13046: cov: 127 ft: 107 corp: 34 exec/s 1 oom/timeout/crash: 0/0/0 time: 277s job: 80 dft_time: 0
#13281: cov: 127 ft: 107 corp: 34 exec/s 2 oom/timeout/crash: 0/0/0 time: 287s job: 87 dft_time: 0
#13428: cov: 127 ft: 107 corp: 34 exec/s 0 oom/timeout/crash: 0/0/0 time: 305s job: 63 dft_time: 0
#13513: cov: 127 ft: 107 corp: 34 exec/s 0 oom/timeout/crash: 0/0/0 time: 305s job: 86 dft_time: 0
#13593: cov: 127 ft: 107 corp: 34 exec/s 0 oom/timeout/crash: 0/0/0 time: 306s job: 85 dft_time: 0
#13866: cov: 127 ft: 107 corp: 34 exec/s 2 oom/timeout/crash: 0/0/0 time: 313s job: 94 dft_time: 0
#14470: cov: 127 ft: 107 corp: 34 exec/s 5 oom/timeout/crash: 0/0/0 time: 314s job: 90 dft_time: 0
#14511: cov: 127 ft: 107 corp: 34 exec/s 0 oom/timeout/crash: 0/0/0 time: 314s job: 92 dft_time: 0
#14839: cov: 127 ft: 107 corp: 34 exec/s 2 oom/timeout/crash: 0/0/0 time: 323s job: 89 dft_time: 0
#15095: cov: 127 ft: 107 corp: 34 exec/s 2 oom/timeout/crash: 0/0/0 time: 324s job: 91 dft_time: 0
#15307: cov: 127 ft: 107 corp: 34 exec/s 1 oom/timeout/crash: 0/0/0 time: 324s job: 95 dft_time: 0
#15508: cov: 127 ft: 107 corp: 34 exec/s 1 oom/timeout/crash: 0/0/0 time: 334s job: 97 dft_time: 0
#15607: cov: 127 ft: 107 corp: 34 exec/s 0 oom/timeout/crash: 0/0/0 time: 339s job: 93 dft_time: 0
#15850: cov: 127 ft: 107 corp: 34 exec/s 1 oom/timeout/crash: 0/0/0 time: 351s job: 96 dft_time: 0
#16010: cov: 127 ft: 107 corp: 34 exec/s 0 oom/timeout/crash: 0/0/0 time: 352s job: 79 dft_time: 0
#16237: cov: 127 ft: 107 corp: 34 exec/s 2 oom/timeout/crash: 0/0/0 time: 364s job: 101 dft_time: 0
#16412: cov: 127 ft: 107 corp: 34 exec/s 3 oom/timeout/crash: 0/0/0 time: 365s job: 111 dft_time: 0
INFO: log from the inner process:
INFO: Running with entropic power schedule (0xFF, 100).
INFO: Seed: 3102580352
INFO: Loaded 1 modules   (126 inline 8-bit counters): 126 [0x5a4a037c1fd0, 0x5a4a037c204e), 
INFO: Loaded 1 PC tables (126 PCs): 126 [0x5a4a037c2050,0x5a4a037c2830), 
INFO:        0 files found in /tmp/libFuzzerTemp.FuzzWithFork117179.dir/C111
INFO: -max_len is not provided; libFuzzer will not generate inputs larger than 4096 bytes
INFO: seed corpus: files: 6 min: 9b max: 46b total: 149b rss: 26Mb
#7      INITED cov: 40 ft: 49 corp: 6/149b exec/s: 0 rss: 27Mb
#8      NEW    cov: 40 ft: 51 corp: 7/169b lim: 46 exec/s: 0 rss: 27Mb L: 20/46 MS: 1 InsertByte-
#10     NEW    cov: 41 ft: 52 corp: 8/197b lim: 46 exec/s: 0 rss: 27Mb L: 28/46 MS: 2 ChangeBit-CopyPart-
#15     NEW    cov: 44 ft: 55 corp: 9/208b lim: 46 exec/s: 1 rss: 27Mb L: 11/46 MS: 5 InsertRepeatedBytes-ChangeByte-CMP-CrossOver-EraseBytes- DE: "\377\377\377\377"-
#16     pulse  cov: 44 ft: 55 corp: 9/208b lim: 46 exec/s: 2 rss: 27Mb
#18     REDUCE cov: 44 ft: 55 corp: 9/207b lim: 46 exec/s: 2 rss: 27Mb L: 10/46 MS: 3 CopyPart-ShuffleBytes-CrossOver-
#19     REDUCE cov: 44 ft: 55 corp: 9/205b lim: 46 exec/s: 2 rss: 27Mb L: 37/46 MS: 1 EraseBytes-
#27     NEW    cov: 44 ft: 56 corp: 10/251b lim: 46 exec/s: 3 rss: 27Mb L: 46/46 MS: 3 ChangeByte-CopyPart-CopyPart-
Slowest unit: 11 s:
artifact_prefix='./'; Test unit written to ./slow-unit-8a91e8f036672959aad1a1cfd57fd052cbac8025
Base64: S1RFU1QAAAAAVEVTVAAAGAAAAAAYABAAAAo=
#32     pulse  cov: 44 ft: 56 corp: 10/251b lim: 46 exec/s: 1 rss: 27Mb
#34     NEW    cov: 46 ft: 58 corp: 11/259b lim: 46 exec/s: 1 rss: 27Mb L: 8/46 MS: 2 PersAutoDict-EraseBytes- DE: "\377\377\377\377"-
#35     NEW    cov: 54 ft: 66 corp: 12/295b lim: 46 exec/s: 1 rss: 27Mb L: 36/46 MS: 1 InsertRepeatedBytes-
#47     REDUCE cov: 54 ft: 66 corp: 12/285b lim: 46 exec/s: 1 rss: 27Mb L: 26/46 MS: 2 CrossOver-EraseBytes-
#64     pulse  cov: 54 ft: 66 corp: 12/285b lim: 46 exec/s: 2 rss: 27Mb
#68     REDUCE cov: 54 ft: 66 corp: 12/278b lim: 46 exec/s: 2 rss: 27Mb L: 39/46 MS: 1 EraseBytes-
#75     REDUCE cov: 54 ft: 68 corp: 13/320b lim: 46 exec/s: 2 rss: 27Mb L: 42/46 MS: 2 ChangeByte-CopyPart-
#99     REDUCE cov: 54 ft: 68 corp: 13/313b lim: 46 exec/s: 2 rss: 27Mb L: 32/46 MS: 4 ChangeByte-EraseBytes-CopyPart-ChangeByte-
#128    pulse  cov: 54 ft: 68 corp: 13/313b lim: 46 exec/s: 3 rss: 30Mb
free(): invalid next size (fast)
==127513== ERROR: libFuzzer: deadly signal
    #0 0x5a4a0379cb54 in __sanitizer_print_stack_trace (/home/albert/imperial_interview/task_1/a.out+0x68b54) (BuildId: 5bffa0ab5cd7228d16b909497f6e042dbe739071)
    #1 0x5a4a03773568 in fuzzer::PrintStackTrace() (/home/albert/imperial_interview/task_1/a.out+0x3f568) (BuildId: 5bffa0ab5cd7228d16b909497f6e042dbe739071)
    #2 0x5a4a03758fe3 in fuzzer::Fuzzer::CrashCallback() (/home/albert/imperial_interview/task_1/a.out+0x24fe3) (BuildId: 5bffa0ab5cd7228d16b909497f6e042dbe739071)
    #3 0x769cad84251f  (/lib/x86_64-linux-gnu/libc.so.6+0x4251f) (BuildId: cd410b710f0f094c6832edd95931006d883af48e)
    #4 0x769cad8969fb in __pthread_kill_implementation nptl/./nptl/pthread_kill.c:43:17
    #5 0x769cad8969fb in __pthread_kill_internal nptl/./nptl/pthread_kill.c:78:10
    #6 0x769cad8969fb in pthread_kill nptl/./nptl/pthread_kill.c:89:10
    #7 0x769cad842475 in gsignal signal/../sysdeps/posix/raise.c:26:13
    #8 0x769cad8287f2 in abort stdlib/./stdlib/abort.c:79:7
    #9 0x769cad889676 in __libc_message libio/../sysdeps/posix/libc_fatal.c:156:5
    #10 0x769cad8a0cfb in malloc_printerr malloc/./malloc/malloc.c:5664:3
    #11 0x769cad8a2a9c in _int_free malloc/./malloc/malloc.c:4522:4
    #12 0x769cad8a5452 in __libc_free malloc/./malloc/malloc.c:3391:7
    #13 0x5a4a0379d7b9 in kTest_fromFile /home/albert/imperial_interview/task_1/KTest.c:164:11
    #14 0x5a4a0379ced2 in LLVMFuzzerTestOneInput /home/albert/imperial_interview/task_1/target.c:33:17
    #15 0x5a4a0375a573 in fuzzer::Fuzzer::ExecuteCallback(unsigned char const*, unsigned long) (/home/albert/imperial_interview/task_1/a.out+0x26573) (BuildId: 5bffa0ab5cd7228d16b909497f6e042dbe739071)
    #16 0x5a4a03759cc9 in fuzzer::Fuzzer::RunOne(unsigned char const*, unsigned long, bool, fuzzer::InputInfo*, bool, bool*) (/home/albert/imperial_interview/task_1/a.out+0x25cc9) (BuildId: 5bffa0ab5cd7228d16b909497f6e042dbe739071)
    #17 0x5a4a0375b4b9 in fuzzer::Fuzzer::MutateAndTestOne() (/home/albert/imperial_interview/task_1/a.out+0x274b9) (BuildId: 5bffa0ab5cd7228d16b909497f6e042dbe739071)
    #18 0x5a4a0375c035 in fuzzer::Fuzzer::Loop(std::vector<fuzzer::SizedFile, std::allocator<fuzzer::SizedFile> >&) (/home/albert/imperial_interview/task_1/a.out+0x28035) (BuildId: 5bffa0ab5cd7228d16b909497f6e042dbe739071)
    #19 0x5a4a0374a172 in fuzzer::FuzzerDriver(int*, char***, int (*)(unsigned char const*, unsigned long)) (/home/albert/imperial_interview/task_1/a.out+0x16172) (BuildId: 5bffa0ab5cd7228d16b909497f6e042dbe739071)
    #20 0x5a4a03773e62 in main (/home/albert/imperial_interview/task_1/a.out+0x3fe62) (BuildId: 5bffa0ab5cd7228d16b909497f6e042dbe739071)
    #21 0x769cad829d8f in __libc_start_call_main csu/../sysdeps/nptl/libc_start_call_main.h:58:16
    #22 0x769cad829e3f in __libc_start_main csu/../csu/libc-start.c:392:3
    #23 0x5a4a0373ebb4 in _start (/home/albert/imperial_interview/task_1/a.out+0xabb4) (BuildId: 5bffa0ab5cd7228d16b909497f6e042dbe739071)

NOTE: libFuzzer has rudimentary signal handlers.
      Combine libFuzzer with AddressSanitizer or similar for better crash reports.
SUMMARY: libFuzzer: deadly signal
MS: 1 ShuffleBytes-; base unit: 6e057e2988e9ab235e6beea01c1e8e6b637b733b
0x4b,0x54,0x45,0x53,0x54,0x0,0x0,0x0,0x0,0x0,0x0,0x0,0x0,0x0,0x0,0x0,0x2,0x0,0x0,0x0,0x2,0x0,0x0,0x0,0x53,0xff,0x0,0x0,0x0,0xb9,0xff,0xb9,
KTEST\000\000\000\000\000\000\000\000\000\000\000\002\000\000\000\002\000\000\000S\377\000\000\000\271\377\271
artifact_prefix='./'; Test unit written to ./crash-119253d18d0e2613eda1056fc0156d09e07cd2d7
Base64: S1RFU1QAAAAAAAAAAAAAAAIAAAACAAAAU/8AAAC5/7k=
stat::number_of_executed_units: 175
stat::average_exec_per_sec:     3
stat::new_units_added:          12
stat::slowest_unit_time_sec:    11
stat::peak_rss_mb:              32
INFO: exiting: 77 time: 402s